C51 COMPILER V9.60.0.0   DS1302CONFIG                                                      04/05/2023 16:51:32 PAGE 1   


C51 COMPILER V9.60.0.0, COMPILATION OF MODULE DS1302CONFIG
OBJECT MODULE PLACED IN ..\ds1302config.obj
COMPILER INVOKED BY: D:\software\keil\C51\BIN\C51.EXE ..\sourse\ds1302config.c OPTIMIZE(8,SPEED) BROWSE INCDIR(..\sourse
                    -) DEBUG OBJECTEXTEND PRINT(.\Listings\ds1302config.lst) TABS(2) OBJECT(..\ds1302config.obj)

line level    source

   1          #include "head.h"
   2          
   3          /****************此处数组是变量值，不可以加code**********************/
   4          unsigned char write_adr[7] = {0x80,0x82,0x84,0x86,0x88,0x8a,0x8c};
   5          unsigned char read_adr[7] = {0x81,0x83,0x85,0x87,0x89,0x8b,0x8d};
   6          unsigned char Time[7] = {0x29,0x01,0x15,0x01,0x01,0x01,0x22};
   7          
   8          
   9          
  10          void Write_ds1302_config()
  11          {
  12   1        static unsigned char i;
  13   1        Write_Ds1302_Byte(0x8e,0x00);
  14   1        
  15   1        for(i=0;i<7;i++)
  16   1        {
  17   2          Write_Ds1302_Byte(write_adr[i],Time[i]);
  18   2        }
  19   1        Write_Ds1302_Byte(0x8e,0x80);
  20   1      }
  21          
  22          
  23          
  24          void Read_ds1302_config()
  25          {
  26   1        static unsigned char i;
  27   1        
  28   1        for(i=0;i<7;i++)
  29   1        {
  30   2          Time[i] = Read_Ds1302_Byte (read_adr[i]);
  31   2        }
  32   1      
  33   1      }


MODULE INFORMATION:   STATIC OVERLAYABLE
   CODE SIZE        =     85    ----
   CONSTANT SIZE    =   ----    ----
   XDATA SIZE       =   ----    ----
   PDATA SIZE       =   ----    ----
   DATA SIZE        =     23    ----
   IDATA SIZE       =   ----    ----
   BIT SIZE         =   ----    ----
END OF MODULE INFORMATION.


C51 COMPILATION COMPLETE.  0 WARNING(S),  0 ERROR(S)
