C51 COMPILER V9.60.0.0   DS18B20                                                           04/04/2023 17:13:54 PAGE 1   


C51 COMPILER V9.60.0.0, COMPILATION OF MODULE DS18B20
OBJECT MODULE PLACED IN ..\ds18b20.obj
COMPILER INVOKED BY: D:\software\keil\C51\BIN\C51.EXE ..\sourse\ds18b20.c OPTIMIZE(8,SPEED) BROWSE INCDIR(..\sourse) DEB
                    -UG OBJECTEXTEND PRINT(.\Listings\ds18b20.lst) TABS(2) OBJECT(..\ds18b20.obj)

line level    source

   1          #include "head.h"
   2          
   3          unsigned int temper;//±ÿ–Î”√int–Õ
   4          
   5          
   6          void ds18b20_config()
   7          {
   8   1        unsigned char LSB,HSB;
   9   1        
  10   1        EA = 0;
  11   1        init_ds18b20();
  12   1        EA = 1;
  13   1        
  14   1        Write_DS18B20(0xcc);
  15   1        Write_DS18B20(0x44);
  16   1        
  17   1        Delay_OneWire(10000);
  18   1        
  19   1        EA = 0;
  20   1        init_ds18b20();
  21   1        EA = 1;
  22   1        
  23   1        Write_DS18B20(0xcc);
  24   1        Write_DS18B20(0xbe);
  25   1        
  26   1        LSB = Read_DS18B20();
  27   1        HSB = Read_DS18B20();
  28   1        
  29   1        
  30   1        temper = HSB;
  31   1        temper = (temper << 8) | LSB;
  32   1        
  33   1        if((temper & 0xF800) ==0x0000)
  34   1        {
  35   2          temper >>= 4;
  36   2          temper = temper * 10;
  37   2          temper = temper + (LSB & 0x0f) * 0.625;
  38   2        
  39   2        }
  40   1      
  41   1      }


MODULE INFORMATION:   STATIC OVERLAYABLE
   CODE SIZE        =    154    ----
   CONSTANT SIZE    =   ----    ----
   XDATA SIZE       =   ----    ----
   PDATA SIZE       =   ----    ----
   DATA SIZE        =      2       1
   IDATA SIZE       =   ----    ----
   BIT SIZE         =   ----    ----
END OF MODULE INFORMATION.


C51 COMPILATION COMPLETE.  0 WARNING(S),  0 ERROR(S)
