C51 COMPILER V9.60.0.0   IIC                                                               04/04/2023 21:04:28 PAGE 1   


C51 COMPILER V9.60.0.0, COMPILATION OF MODULE IIC
OBJECT MODULE PLACED IN ..\iic.obj
COMPILER INVOKED BY: D:\software\keil\C51\BIN\C51.EXE ..\sourse\iic.c OPTIMIZE(8,SPEED) BROWSE INCDIR(..\sourse) DEBUG O
                    -BJECTEXTEND PRINT(.\Listings\iic.lst) TABS(2) OBJECT(..\iic.obj)

line level    source

   1          #include "head.h"
   2          
   3          #define DELAY_TIME  5
   4          
   5          //
   6          static void I2C_Delay(unsigned char n)
   7          {
   8   1          do
   9   1          {
  10   2              _nop_();_nop_();_nop_();_nop_();_nop_();
  11   2              _nop_();_nop_();_nop_();_nop_();_nop_();
  12   2              _nop_();_nop_();_nop_();_nop_();_nop_();    
  13   2          }
  14   1          while(n--);       
  15   1      }
  16          
  17          //
  18          void I2CStart(void)
  19          {
  20   1          SDA = 1;
  21   1          scl = 1;
  22   1        I2C_Delay(DELAY_TIME);
  23   1          SDA = 0;
  24   1        I2C_Delay(DELAY_TIME);
  25   1          scl = 0;    
  26   1      }
  27          
  28          //
  29          void I2CStop(void)
  30          {
  31   1          SDA = 0;
  32   1          scl = 1;
  33   1        I2C_Delay(DELAY_TIME);
  34   1          SDA = 1;
  35   1        I2C_Delay(DELAY_TIME);
  36   1      }
  37          
  38          //
  39          void I2CSendByte(unsigned char byt)
  40          {
  41   1          unsigned char i;
  42   1        
  43   1          for(i=0; i<8; i++){
  44   2              scl = 0;
  45   2          I2C_Delay(DELAY_TIME);
  46   2              if(byt & 0x80){
  47   3                  SDA = 1;
  48   3              }
  49   2              else{
  50   3                  SDA = 0;
  51   3              }
  52   2          I2C_Delay(DELAY_TIME);
  53   2              scl = 1;
  54   2              byt <<= 1;
C51 COMPILER V9.60.0.0   IIC                                                               04/04/2023 21:04:28 PAGE 2   

  55   2          I2C_Delay(DELAY_TIME);
  56   2          }
  57   1        
  58   1          scl = 0;  
  59   1      }
  60          
  61          //
  62          unsigned char I2CReceiveByte(void)
  63          {
  64   1        unsigned char da;
  65   1        unsigned char i;
  66   1        for(i=0;i<8;i++){   
  67   2          scl = 1;
  68   2          I2C_Delay(DELAY_TIME);
  69   2          da <<= 1;
  70   2          if(SDA) 
  71   2            da |= 0x01;
  72   2          scl = 0;
  73   2          I2C_Delay(DELAY_TIME);
  74   2        }
  75   1        return da;    
  76   1      }
  77          
  78          //
  79          unsigned char I2CWaitAck(void)
  80          {
  81   1        unsigned char ackbit;
  82   1        
  83   1          scl = 1;
  84   1        I2C_Delay(DELAY_TIME);
  85   1          ackbit = SDA; 
  86   1          scl = 0;
  87   1        I2C_Delay(DELAY_TIME);
  88   1        
  89   1        return ackbit;
  90   1      }
  91          
  92          //
  93          void I2CSendAck(unsigned char ackbit)
  94          {
  95   1          scl = 0;
  96   1          SDA = ackbit; 
  97   1        I2C_Delay(DELAY_TIME);
  98   1          scl = 1;
  99   1        I2C_Delay(DELAY_TIME);
 100   1          scl = 0; 
 101   1        SDA = 1;
 102   1        I2C_Delay(DELAY_TIME);
 103   1      }
 104          


MODULE INFORMATION:   STATIC OVERLAYABLE
   CODE SIZE        =    186    ----
   CONSTANT SIZE    =   ----    ----
   XDATA SIZE       =   ----    ----
   PDATA SIZE       =   ----    ----
   DATA SIZE        =   ----    ----
   IDATA SIZE       =   ----    ----
   BIT SIZE         =   ----    ----
END OF MODULE INFORMATION.


C51 COMPILATION COMPLETE.  0 WARNING(S),  0 ERROR(S)
