C51 COMPILER V9.60.0.0   JIDIANQI                                                          04/05/2023 16:51:33 PAGE 1   


C51 COMPILER V9.60.0.0, COMPILATION OF MODULE JIDIANQI
OBJECT MODULE PLACED IN ..\jidianqi.obj
COMPILER INVOKED BY: D:\software\keil\C51\BIN\C51.EXE ..\sourse\jidianqi.c OPTIMIZE(8,SPEED) BROWSE INCDIR(..\sourse) DE
                    -BUG OBJECTEXTEND PRINT(.\Listings\jidianqi.lst) TABS(2) OBJECT(..\jidianqi.obj)

line level    source

   1          #include "head.h"
   2          
   3          void jidianqi_a()
   4          {
   5   1        HC138(5);
   6   1        if(refer == 20)
   7   1        {
   8   2          jidianqi = 1;
   9   2          BUZZ = 1;
  10   2        }
  11   1        else
  12   1        {
  13   2          jidianqi = 0;
  14   2          BUZZ = 0;
  15   2        }
  16   1        HC138(0);
  17   1      }


MODULE INFORMATION:   STATIC OVERLAYABLE
   CODE SIZE        =     26    ----
   CONSTANT SIZE    =   ----    ----
   XDATA SIZE       =   ----    ----
   PDATA SIZE       =   ----    ----
   DATA SIZE        =   ----    ----
   IDATA SIZE       =   ----    ----
   BIT SIZE         =   ----    ----
END OF MODULE INFORMATION.


C51 COMPILATION COMPLETE.  0 WARNING(S),  0 ERROR(S)
