C51 COMPILER V9.60.0.0   LED                                                               04/05/2023 16:51:33 PAGE 1   


C51 COMPILER V9.60.0.0, COMPILATION OF MODULE LED
OBJECT MODULE PLACED IN ..\led.obj
COMPILER INVOKED BY: D:\software\keil\C51\BIN\C51.EXE ..\sourse\led.c OPTIMIZE(8,SPEED) BROWSE INCDIR(..\sourse) DEBUG O
                    -BJECTEXTEND PRINT(.\Listings\led.lst) TABS(2) OBJECT(..\led.obj)

line level    source

   1          #include "head.h"
   2          
   3          unsigned P0_DAT = 0xff;
   4          
   5          void LED_config(unsigned char led_adr,unsigned led_dat)
   6          {
   7   1        if(led_dat == 0)
   8   1          P0_DAT |= 0x01 <<(led_adr - 1);
   9   1        else 
  10   1          P0_DAT &= ~(0x01 <<(led_adr - 1));
  11   1        
  12   1        P0 = P0_DAT;
  13   1      }
  14          
  15          void LED_temp()
  16          {
  17   1        static unsigned char i = 0;
  18   1        static unsigned char i_flag = 0;
  19   1        
  20   1        HC138(4);
  21   1        if(temper / 10 > refer)
  22   1        {
  23   2          
  24   2          i ++;
  25   2          if(i >= 100)
  26   2          {
  27   3            i = 0;  
  28   3            i_flag = ~i_flag;
  29   3            if(i_flag)
  30   3              LED_config(1,0);
  31   3            else
  32   3              LED_config(1,1);
  33   3          }
  34   2        }
  35   1        else
  36   1          LED_config(1,0);
  37   1        HC138(0);
  38   1      }


MODULE INFORMATION:   STATIC OVERLAYABLE
   CODE SIZE        =    135    ----
   CONSTANT SIZE    =   ----    ----
   XDATA SIZE       =   ----    ----
   PDATA SIZE       =   ----    ----
   DATA SIZE        =      4    ----
   IDATA SIZE       =   ----    ----
   BIT SIZE         =   ----    ----
END OF MODULE INFORMATION.


C51 COMPILATION COMPLETE.  0 WARNING(S),  0 ERROR(S)
