C51 COMPILER V9.60.0.0   MAIN                                                              04/04/2023 21:04:28 PAGE 1   


C51 COMPILER V9.60.0.0, COMPILATION OF MODULE MAIN
OBJECT MODULE PLACED IN ..\main.obj
COMPILER INVOKED BY: D:\software\keil\C51\BIN\C51.EXE ..\sourse\main.c OPTIMIZE(8,SPEED) BROWSE INCDIR(..\sourse) DEBUG 
                    -OBJECTEXTEND PRINT(.\Listings\main.lst) TABS(2) OBJECT(..\main.obj)

line level    source

   1          #include "head.h"
   2          
   3          
   4          
   5          
   6          void main()
   7          {
   8   1      //  P0 = 0x00;
   9   1      //  P2 = 0xA0;
  10   1      //  P2 = 0x80;
  11   1      //  P0 = 0xFF;
  12   1      //  P2 = 0x00;
  13   1        
  14   1        
  15   1        Write_ds1302_config();
  16   1        Timer0Init();
  17   1        
  18   1        while(1)
  19   1        {
  20   2          ds18b20_config();
  21   2          Read_ds1302_config();
  22   2          refer_key();
  23   2          menu_key();
  24   2          
  25   2        }
  26   1      }


MODULE INFORMATION:   STATIC OVERLAYABLE
   CODE SIZE        =     20    ----
   CONSTANT SIZE    =   ----    ----
   XDATA SIZE       =   ----    ----
   PDATA SIZE       =   ----    ----
   DATA SIZE        =   ----    ----
   IDATA SIZE       =   ----    ----
   BIT SIZE         =   ----    ----
END OF MODULE INFORMATION.


C51 COMPILATION COMPLETE.  0 WARNING(S),  0 ERROR(S)
