C51 COMPILER V9.60.0.0   MENU                                                              04/04/2023 17:12:19 PAGE 1   


C51 COMPILER V9.60.0.0, COMPILATION OF MODULE MENU
OBJECT MODULE PLACED IN ..\menu.obj
COMPILER INVOKED BY: D:\software\keil\C51\BIN\C51.EXE ..\sourse\menu.c OPTIMIZE(8,SPEED) BROWSE INCDIR(..\sourse) DEBUG 
                    -OBJECTEXTEND PRINT(.\Listings\menu.lst) TABS(2) OBJECT(..\menu.obj)

line level    source

   1          #include "head.h"
   2          
   3          
   4          unsigned char Scon = 1;
   5          
   6          
   7          
   8          void Delay5ms()   //@12.000MHz
   9          {
  10   1        unsigned char i, j;
  11   1      
  12   1        i = 59;
  13   1        j = 90;
  14   1        do
  15   1        {
  16   2          while (--j);
  17   2        } while (--i);
  18   1      }
  19          
  20          
  21          void menu()
  22          {
  23   1        if(Scon == 1)
  24   1        ds18b20_show();
  25   1        else if(Scon == 2)
  26   1        ds1302_show();
  27   1        else if(Scon == 3)
  28   1        refer_show();
  29   1      }
  30          
  31          
  32          
  33          
  34          
  35          
  36          
  37          
  38          
  39          void menu_key()
  40          {
  41   1        key(1);
  42   1        if(C4 == 0)
  43   1        {
  44   2          Delay5ms();
  45   2          if(C4 == 0)
  46   2          {
  47   3            Scon ++;
  48   3            if(Scon == 4)
  49   3              {
  50   4                Scon = 1;
  51   4              }
  52   3          }
  53   2          while(C4 == 0);
  54   2        }
C51 COMPILER V9.60.0.0   MENU                                                              04/04/2023 17:12:19 PAGE 2   

  55   1          
  56   1      }
  57          
  58          
  59          


MODULE INFORMATION:   STATIC OVERLAYABLE
   CODE SIZE        =     66    ----
   CONSTANT SIZE    =   ----    ----
   XDATA SIZE       =   ----    ----
   PDATA SIZE       =   ----    ----
   DATA SIZE        =      1    ----
   IDATA SIZE       =   ----    ----
   BIT SIZE         =   ----    ----
END OF MODULE INFORMATION.


C51 COMPILATION COMPLETE.  0 WARNING(S),  0 ERROR(S)
