C51 COMPILER V9.60.0.0   ONEWIRE                                                           04/04/2023 21:04:28 PAGE 1   


C51 COMPILER V9.60.0.0, COMPILATION OF MODULE ONEWIRE
OBJECT MODULE PLACED IN ..\onewire.obj
COMPILER INVOKED BY: D:\software\keil\C51\BIN\C51.EXE ..\sourse\onewire.c OPTIMIZE(8,SPEED) BROWSE INCDIR(..\sourse) DEB
                    -UG OBJECTEXTEND PRINT(.\Listings\onewire.lst) TABS(2) OBJECT(..\onewire.obj)

line level    source

   1          #include "head.h"
   2          
   3          /*******************************
   4          Delay_OneWire()内时间乘10，while更改为1us
   5          
   6          ************************************/
   7          void Delay_OneWire(unsigned int t)  
   8          {
   9   1        while(t--);
  10   1      }
  11          
  12          //
  13          void Write_DS18B20(unsigned char dat)
  14          {
  15   1        unsigned char i;
  16   1        for(i=0;i<8;i++)
  17   1        {
  18   2          DQ = 0;
  19   2          DQ = dat&0x01;
  20   2          Delay_OneWire(50);
  21   2          DQ = 1;
  22   2          dat >>= 1;
  23   2        }
  24   1        Delay_OneWire(50);
  25   1      }
  26          
  27          //
  28          unsigned char Read_DS18B20(void)
  29          {
  30   1        unsigned char i;
  31   1        unsigned char dat;
  32   1        
  33   1        for(i=0;i<8;i++)
  34   1        {
  35   2          DQ = 0;
  36   2          dat >>= 1;
  37   2          DQ = 1;
  38   2          if(DQ)
  39   2          {
  40   3            dat |= 0x80;
  41   3          }     
  42   2          Delay_OneWire(50);
  43   2        }
  44   1        return dat;
  45   1      }
  46          
  47          //
  48          bit init_ds18b20(void)
  49          {
  50   1          bit initflag = 0;
  51   1          
  52   1          DQ = 1;
  53   1          Delay_OneWire(120);
  54   1          DQ = 0;
C51 COMPILER V9.60.0.0   ONEWIRE                                                           04/04/2023 21:04:28 PAGE 2   

  55   1          Delay_OneWire(800);
  56   1          DQ = 1;
  57   1          Delay_OneWire(100); 
  58   1          initflag = DQ;     
  59   1          Delay_OneWire(50);
  60   1        
  61   1          return initflag;
  62   1      }


MODULE INFORMATION:   STATIC OVERLAYABLE
   CODE SIZE        =    128    ----
   CONSTANT SIZE    =   ----    ----
   XDATA SIZE       =   ----    ----
   PDATA SIZE       =   ----    ----
   DATA SIZE        =   ----    ----
   IDATA SIZE       =   ----    ----
   BIT SIZE         =   ----       1
END OF MODULE INFORMATION.


C51 COMPILATION COMPLETE.  0 WARNING(S),  0 ERROR(S)
