C51 COMPILER V9.60.0.0   TIMER                                                             04/04/2023 17:13:19 PAGE 1   


C51 COMPILER V9.60.0.0, COMPILATION OF MODULE TIMER
OBJECT MODULE PLACED IN ..\timer.obj
COMPILER INVOKED BY: D:\software\keil\C51\BIN\C51.EXE ..\sourse\timer.c OPTIMIZE(8,SPEED) BROWSE INCDIR(..\sourse) DEBUG
                    - OBJECTEXTEND PRINT(.\Listings\timer.lst) TABS(2) OBJECT(..\timer.obj)

line level    source

   1          #include "head.h"
   2          
   3          
   4          
   5          
   6          void Timer0Init()   //1毫秒@12.000MHz
   7          {
   8   1      
   9   1        TMOD &= 0xF0;   //设置定时器模式
  10   1        TMOD |= 0x01;   //设置定时器模式
  11   1        
  12   1        
  13   1        TL0 = 0x18;   //设置定时初始值
  14   1        TH0 = 0xFC;   //设置定时初始值
  15   1        
  16   1        TF0 = 0;    //清除TF0标志
  17   1        
  18   1        EA = 1;
  19   1        ET0 = 1;
  20   1        TR0 = 1;    //定时器0开始计时
  21   1      
  22   1        
  23   1        
  24   1      }
  25          
  26          
  27          
  28          
  29          void ServiceTimer0() interrupt 1
  30          {
  31   1        TL0 = 0x18;   //设置定时初始值
  32   1        TH0 = 0xFC;   //设置定时初始值
  33   1        
  34   1      
  35   1        menu();
  36   1      
  37   1      }


MODULE INFORMATION:   STATIC OVERLAYABLE
   CODE SIZE        =     86    ----
   CONSTANT SIZE    =   ----    ----
   XDATA SIZE       =   ----    ----
   PDATA SIZE       =   ----    ----
   DATA SIZE        =   ----    ----
   IDATA SIZE       =   ----    ----
   BIT SIZE         =   ----    ----
END OF MODULE INFORMATION.


C51 COMPILATION COMPLETE.  0 WARNING(S),  0 ERROR(S)
